[2025-06-04 06:43:02Z INFO HostContext] No proxy settings were found based on environmental variables (http_proxy/https_proxy/HTTP_PROXY/HTTPS_PROXY)
[2025-06-04 06:43:02Z INFO HostContext] Well known directory 'Bin': 'Z:\cloud-app\bin'
[2025-06-04 06:43:02Z INFO HostContext] Well known directory 'Root': 'Z:\cloud-app'
[2025-06-04 06:43:02Z INFO HostContext] Well known config file 'Credentials': 'Z:\cloud-app\.credentials'
[2025-06-04 06:43:02Z INFO HostContext] Well known directory 'Bin': 'Z:\cloud-app\bin'
[2025-06-04 06:43:02Z INFO HostContext] Well known directory 'Root': 'Z:\cloud-app'
[2025-06-04 06:43:02Z INFO HostContext] Well known config file 'Runner': 'Z:\cloud-app\.runner'
[2025-06-04 06:43:02Z INFO Listener] Runner is built for Windows (X64) - win-x64.
[2025-06-04 06:43:02Z INFO Listener] RuntimeInformation: Microsoft Windows 10.0.19045.
[2025-06-04 06:43:02Z INFO Listener] Version: 2.324.0
[2025-06-04 06:43:02Z INFO Listener] Commit: da3412efd49b1cf1a0fbdcbcee4e4ac4cc2177c8
[2025-06-04 06:43:02Z INFO Listener] Culture: ru-RU
[2025-06-04 06:43:02Z INFO Listener] UI Culture: en-US
[2025-06-04 06:43:02Z INFO HostContext] Well known directory 'Bin': 'Z:\cloud-app\bin'
[2025-06-04 06:43:02Z INFO HostContext] Well known directory 'Root': 'Z:\cloud-app'
[2025-06-04 06:43:02Z INFO Listener] Validating directory permissions for: 'Z:\cloud-app'
[2025-06-04 06:43:02Z INFO CommandLineParser] Parse
[2025-06-04 06:43:02Z INFO CommandLineParser] Parsing 5 args
[2025-06-04 06:43:02Z INFO CommandLineParser] parsing argument
[2025-06-04 06:43:02Z INFO CommandLineParser] HasArgs: False
[2025-06-04 06:43:02Z INFO CommandLineParser] Adding Command: configure
[2025-06-04 06:43:02Z INFO CommandLineParser] parsing argument
[2025-06-04 06:43:02Z INFO CommandLineParser] HasArgs: True
[2025-06-04 06:43:02Z INFO CommandLineParser] arg: url
[2025-06-04 06:43:02Z INFO CommandLineParser] parsing argument
[2025-06-04 06:43:02Z INFO CommandLineParser] HasArgs: True
[2025-06-04 06:43:02Z INFO CommandLineParser] Adding option 'url': 'https://github.com/scripa01/cloud-app'
[2025-06-04 06:43:02Z INFO CommandLineParser] parsing argument
[2025-06-04 06:43:02Z INFO CommandLineParser] HasArgs: True
[2025-06-04 06:43:02Z INFO CommandLineParser] arg: token
[2025-06-04 06:43:02Z INFO CommandLineParser] parsing argument
[2025-06-04 06:43:02Z INFO CommandLineParser] HasArgs: True
[2025-06-04 06:43:02Z INFO CommandLineParser] Adding option 'token': '***'
[2025-06-04 06:43:02Z INFO Listener] Arguments parsed
[2025-06-04 06:43:02Z INFO Runner] ExecuteCommand
[2025-06-04 06:43:02Z INFO ConfigurationStore] currentAssemblyLocation: Z:\cloud-app\bin\Runner.Listener.dll
[2025-06-04 06:43:02Z INFO HostContext] Well known directory 'Bin': 'Z:\cloud-app\bin'
[2025-06-04 06:43:02Z INFO ConfigurationStore] binPath: Z:\cloud-app\bin
[2025-06-04 06:43:02Z INFO HostContext] Well known directory 'Bin': 'Z:\cloud-app\bin'
[2025-06-04 06:43:02Z INFO HostContext] Well known directory 'Root': 'Z:\cloud-app'
[2025-06-04 06:43:02Z INFO ConfigurationStore] RootFolder: Z:\cloud-app
[2025-06-04 06:43:02Z INFO HostContext] Well known directory 'Bin': 'Z:\cloud-app\bin'
[2025-06-04 06:43:02Z INFO HostContext] Well known directory 'Root': 'Z:\cloud-app'
[2025-06-04 06:43:02Z INFO HostContext] Well known config file 'Runner': 'Z:\cloud-app\.runner'
[2025-06-04 06:43:02Z INFO ConfigurationStore] ConfigFilePath: Z:\cloud-app\.runner
[2025-06-04 06:43:02Z INFO HostContext] Well known directory 'Bin': 'Z:\cloud-app\bin'
[2025-06-04 06:43:02Z INFO HostContext] Well known directory 'Root': 'Z:\cloud-app'
[2025-06-04 06:43:02Z INFO HostContext] Well known config file 'MigratedRunner': 'Z:\cloud-app\.runner_migrated'
[2025-06-04 06:43:02Z INFO ConfigurationStore] MigratedConfigFilePath: Z:\cloud-app\.runner_migrated
[2025-06-04 06:43:02Z INFO HostContext] Well known directory 'Bin': 'Z:\cloud-app\bin'
[2025-06-04 06:43:02Z INFO HostContext] Well known directory 'Root': 'Z:\cloud-app'
[2025-06-04 06:43:02Z INFO HostContext] Well known config file 'Credentials': 'Z:\cloud-app\.credentials'
[2025-06-04 06:43:02Z INFO ConfigurationStore] CredFilePath: Z:\cloud-app\.credentials
[2025-06-04 06:43:02Z INFO HostContext] Well known directory 'Bin': 'Z:\cloud-app\bin'
[2025-06-04 06:43:02Z INFO HostContext] Well known directory 'Root': 'Z:\cloud-app'
[2025-06-04 06:43:02Z INFO HostContext] Well known config file 'MigratedCredentials': 'Z:\cloud-app\.credentials_migrated'
[2025-06-04 06:43:02Z INFO ConfigurationStore] MigratedCredFilePath: Z:\cloud-app\.credentials_migrated
[2025-06-04 06:43:02Z INFO HostContext] Well known directory 'Bin': 'Z:\cloud-app\bin'
[2025-06-04 06:43:02Z INFO HostContext] Well known directory 'Root': 'Z:\cloud-app'
[2025-06-04 06:43:02Z INFO HostContext] Well known config file 'Service': 'Z:\cloud-app\.service'
[2025-06-04 06:43:02Z INFO ConfigurationStore] ServiceConfigFilePath: Z:\cloud-app\.service
[2025-06-04 06:43:02Z INFO CommandSettings] Flag 'help': 'False'
[2025-06-04 06:43:02Z INFO CommandSettings] Flag 'version': 'False'
[2025-06-04 06:43:02Z INFO CommandSettings] Flag 'commit': 'False'
[2025-06-04 06:43:02Z INFO CommandSettings] Flag 'check': 'False'
[2025-06-04 06:43:02Z INFO CommandSettings] Command 'configure': 'True'
[2025-06-04 06:43:02Z INFO Terminal] WRITE LINE: 
[2025-06-04 06:43:02Z INFO Terminal] WRITE LINE: --------------------------------------------------------------------------------
[2025-06-04 06:43:02Z INFO Terminal] WRITE LINE: |        ____ _ _   _   _       _          _        _   _                      |
[2025-06-04 06:43:02Z INFO Terminal] WRITE LINE: |       / ___(_) |_| | | |_   _| |__      / \   ___| |_(_) ___  _ __  ___      |
[2025-06-04 06:43:02Z INFO Terminal] WRITE LINE: |      | |  _| | __| |_| | | | | '_ \    / _ \ / __| __| |/ _ \| '_ \/ __|     |
[2025-06-04 06:43:02Z INFO Terminal] WRITE LINE: |      | |_| | | |_|  _  | |_| | |_) |  / ___ \ (__| |_| | (_) | | | \__ \     |
[2025-06-04 06:43:02Z INFO Terminal] WRITE LINE: |       \____|_|\__|_| |_|\__,_|_.__/  /_/   \_\___|\__|_|\___/|_| |_|___/     |
[2025-06-04 06:43:02Z INFO Terminal] WRITE LINE: |                                                                              |
[2025-06-04 06:43:02Z INFO Terminal] WRITE: |                       
[2025-06-04 06:43:02Z INFO Terminal] WRITE: Self-hosted runner registration
[2025-06-04 06:43:02Z INFO Terminal] WRITE LINE:                         |
[2025-06-04 06:43:02Z INFO Terminal] WRITE LINE: |                                                                              |
[2025-06-04 06:43:02Z INFO Terminal] WRITE LINE: --------------------------------------------------------------------------------
[2025-06-04 06:43:02Z INFO ConfigurationManager] ConfigureAsync
[2025-06-04 06:43:02Z INFO CommandSettings] Flag 'generateServiceConfig': 'False'
[2025-06-04 06:43:02Z INFO ConfigurationStore] IsConfigured()
[2025-06-04 06:43:02Z INFO ConfigurationStore] IsConfigured: False
[2025-06-04 06:43:02Z INFO ConfigurationManager] Is configured: False
[2025-06-04 06:43:02Z INFO CommandSettings] Arg 'url': 'https://github.com/scripa01/cloud-app'
[2025-06-04 06:43:02Z INFO CommandSettings] Remove url from Arg dictionary.
[2025-06-04 06:43:02Z INFO CommandSettings] Arg 'token': '***'
[2025-06-04 06:43:02Z INFO CommandSettings] Remove token from Arg dictionary.
[2025-06-04 06:43:03Z INFO ConfigurationManager] Http response code: OK from 'POST https://api.github.com/actions/runner-registration' (FC42:1AB18C:252DB6C:2681121:683FEAF5)
[2025-06-04 06:43:03Z INFO ConfigurationManager] Using V2 flow: False
[2025-06-04 06:43:03Z INFO ConfigurationManager] cred retrieved via GitHub auth
[2025-06-04 06:43:03Z INFO RunnerServer] EstablishVssConnection
[2025-06-04 06:43:03Z INFO RunnerServer] Establish connection with 100 seconds timeout.
[2025-06-04 06:43:03Z INFO GitHubActionsService] Starting operation Location.GetConnectionData
[2025-06-04 06:43:03Z INFO RunnerServer] EstablishVssConnection
[2025-06-04 06:43:03Z INFO RunnerServer] Establish connection with 60 seconds timeout.
[2025-06-04 06:43:03Z INFO GitHubActionsService] Starting operation Location.GetConnectionData
[2025-06-04 06:43:03Z INFO RunnerServer] EstablishVssConnection
[2025-06-04 06:43:03Z INFO RunnerServer] Establish connection with 60 seconds timeout.
[2025-06-04 06:43:03Z INFO GitHubActionsService] Starting operation Location.GetConnectionData
[2025-06-04 06:43:04Z INFO GitHubActionsService] Finished operation Location.GetConnectionData
[2025-06-04 06:43:04Z INFO GitHubActionsService] Finished operation Location.GetConnectionData
[2025-06-04 06:43:04Z INFO GitHubActionsService] Finished operation Location.GetConnectionData
[2025-06-04 06:43:04Z INFO Terminal] WRITE LINE: 
[2025-06-04 06:43:04Z INFO ConfigurationManager] Test Connection complete.
[2025-06-04 06:43:04Z INFO HostContext] Well known directory 'Bin': 'Z:\cloud-app\bin'
[2025-06-04 06:43:04Z INFO HostContext] Well known directory 'Root': 'Z:\cloud-app'
[2025-06-04 06:43:04Z INFO HostContext] Well known config file 'RSACredentials': 'Z:\cloud-app\.credentials_rsaparams'
[2025-06-04 06:43:04Z INFO RSAEncryptedFileKeyManager] Creating new RSA key using 2048-bit key length
[2025-06-04 06:43:04Z INFO RSAEncryptedFileKeyManager] Successfully saved RSA key parameters to file Z:\cloud-app\.credentials_rsaparams
[2025-06-04 06:43:04Z INFO CommandSettings] Arg 'runnergroup': ''
[2025-06-04 06:43:04Z INFO CommandSettings] Flag 'unattended': 'False'
[2025-06-04 06:43:04Z INFO PromptManager] ReadValue
[2025-06-04 06:43:04Z INFO Terminal] WRITE: Enter the name of the runner group to add this runner to: 
[2025-06-04 06:43:04Z INFO Terminal] WRITE: [press Enter for Default] 
[2025-06-04 06:43:04Z INFO Terminal] READ LINE
[2025-06-04 06:43:40Z INFO Terminal] Read value: 'cloud-app'
[2025-06-04 06:43:40Z INFO Terminal] WRITE LINE: 
[2025-06-04 06:43:40Z ERR  Runner] GitHub.DistributedTask.WebApi.TaskAgentPoolNotFoundException: Could not find any self-hosted runner group named "cloud-app".
   at GitHub.Runner.Listener.Configuration.ConfigurationManager.ConfigureAsync(CommandSettings command)
   at GitHub.Runner.Listener.Runner.ExecuteCommand(CommandSettings command)
[2025-06-04 06:43:40Z ERR  Terminal] WRITE ERROR: Could not find any self-hosted runner group named "cloud-app".
[2025-06-04 06:43:40Z INFO Listener] Runner execution has finished with return code 1
