[2025-06-04 07:14:15Z INFO HostContext] No proxy settings were found based on environmental variables (http_proxy/https_proxy/HTTP_PROXY/HTTPS_PROXY)
[2025-06-04 07:14:15Z INFO HostContext] Well known directory 'Bin': 'Z:\cloud-app\bin'
[2025-06-04 07:14:15Z INFO HostContext] Well known directory 'Root': 'Z:\cloud-app'
[2025-06-04 07:14:15Z INFO HostContext] Well known config file 'Credentials': 'Z:\cloud-app\.credentials'
[2025-06-04 07:14:15Z INFO HostContext] Well known directory 'Bin': 'Z:\cloud-app\bin'
[2025-06-04 07:14:15Z INFO HostContext] Well known directory 'Root': 'Z:\cloud-app'
[2025-06-04 07:14:15Z INFO HostContext] Well known config file 'Runner': 'Z:\cloud-app\.runner'
[2025-06-04 07:14:15Z INFO Listener] Runner is built for Windows (X64) - win-x64.
[2025-06-04 07:14:15Z INFO Listener] RuntimeInformation: Microsoft Windows 10.0.19045.
[2025-06-04 07:14:15Z INFO Listener] Version: 2.324.0
[2025-06-04 07:14:15Z INFO Listener] Commit: da3412efd49b1cf1a0fbdcbcee4e4ac4cc2177c8
[2025-06-04 07:14:15Z INFO Listener] Culture: ru-RU
[2025-06-04 07:14:15Z INFO Listener] UI Culture: en-US
[2025-06-04 07:14:15Z INFO HostContext] Well known directory 'Bin': 'Z:\cloud-app\bin'
[2025-06-04 07:14:15Z INFO HostContext] Well known directory 'Root': 'Z:\cloud-app'
[2025-06-04 07:14:15Z INFO Listener] Validating directory permissions for: 'Z:\cloud-app'
[2025-06-04 07:14:15Z INFO CommandLineParser] Parse
[2025-06-04 07:14:15Z INFO CommandLineParser] Parsing 3 args
[2025-06-04 07:14:15Z INFO CommandLineParser] parsing argument
[2025-06-04 07:14:15Z INFO CommandLineParser] HasArgs: False
[2025-06-04 07:14:15Z INFO CommandLineParser] Adding Command: configure
[2025-06-04 07:14:15Z INFO CommandLineParser] parsing argument
[2025-06-04 07:14:15Z INFO CommandLineParser] HasArgs: False
[2025-06-04 07:14:15Z INFO CommandLineParser] Adding Command: remove--token
[2025-06-04 07:14:15Z INFO CommandLineParser] parsing argument
[2025-06-04 07:14:15Z INFO CommandLineParser] HasArgs: False
[2025-06-04 07:14:15Z INFO CommandLineParser] Adding Command: ANSKYS6SGMNR7VZM2CICZGLIH777A
[2025-06-04 07:14:15Z INFO Listener] Arguments parsed
[2025-06-04 07:14:15Z INFO CommandSettings] Command 'configure': 'True'
[2025-06-04 07:14:15Z ERR  Terminal] WRITE ERROR: Unrecognized command-line input arguments for command configure: 'remove--token, ANSKYS6SGMNR7VZM2CICZGLIH777A'. For usage refer to: .\config.cmd --help or ./config.sh --help
[2025-06-04 07:14:15Z INFO Runner] ExecuteCommand
[2025-06-04 07:14:15Z INFO ConfigurationStore] currentAssemblyLocation: Z:\cloud-app\bin\Runner.Listener.dll
[2025-06-04 07:14:15Z INFO HostContext] Well known directory 'Bin': 'Z:\cloud-app\bin'
[2025-06-04 07:14:15Z INFO ConfigurationStore] binPath: Z:\cloud-app\bin
[2025-06-04 07:14:15Z INFO HostContext] Well known directory 'Bin': 'Z:\cloud-app\bin'
[2025-06-04 07:14:15Z INFO HostContext] Well known directory 'Root': 'Z:\cloud-app'
[2025-06-04 07:14:15Z INFO ConfigurationStore] RootFolder: Z:\cloud-app
[2025-06-04 07:14:15Z INFO HostContext] Well known directory 'Bin': 'Z:\cloud-app\bin'
[2025-06-04 07:14:15Z INFO HostContext] Well known directory 'Root': 'Z:\cloud-app'
[2025-06-04 07:14:15Z INFO HostContext] Well known config file 'Runner': 'Z:\cloud-app\.runner'
[2025-06-04 07:14:15Z INFO ConfigurationStore] ConfigFilePath: Z:\cloud-app\.runner
[2025-06-04 07:14:15Z INFO HostContext] Well known directory 'Bin': 'Z:\cloud-app\bin'
[2025-06-04 07:14:15Z INFO HostContext] Well known directory 'Root': 'Z:\cloud-app'
[2025-06-04 07:14:15Z INFO HostContext] Well known config file 'MigratedRunner': 'Z:\cloud-app\.runner_migrated'
[2025-06-04 07:14:15Z INFO ConfigurationStore] MigratedConfigFilePath: Z:\cloud-app\.runner_migrated
[2025-06-04 07:14:15Z INFO HostContext] Well known directory 'Bin': 'Z:\cloud-app\bin'
[2025-06-04 07:14:15Z INFO HostContext] Well known directory 'Root': 'Z:\cloud-app'
[2025-06-04 07:14:15Z INFO HostContext] Well known config file 'Credentials': 'Z:\cloud-app\.credentials'
[2025-06-04 07:14:15Z INFO ConfigurationStore] CredFilePath: Z:\cloud-app\.credentials
[2025-06-04 07:14:15Z INFO HostContext] Well known directory 'Bin': 'Z:\cloud-app\bin'
[2025-06-04 07:14:15Z INFO HostContext] Well known directory 'Root': 'Z:\cloud-app'
[2025-06-04 07:14:15Z INFO HostContext] Well known config file 'MigratedCredentials': 'Z:\cloud-app\.credentials_migrated'
[2025-06-04 07:14:15Z INFO ConfigurationStore] MigratedCredFilePath: Z:\cloud-app\.credentials_migrated
[2025-06-04 07:14:15Z INFO HostContext] Well known directory 'Bin': 'Z:\cloud-app\bin'
[2025-06-04 07:14:15Z INFO HostContext] Well known directory 'Root': 'Z:\cloud-app'
[2025-06-04 07:14:15Z INFO HostContext] Well known config file 'Service': 'Z:\cloud-app\.service'
[2025-06-04 07:14:15Z INFO ConfigurationStore] ServiceConfigFilePath: Z:\cloud-app\.service
[2025-06-04 07:14:15Z INFO CommandSettings] Flag 'help': 'False'
[2025-06-04 07:14:15Z INFO CommandSettings] Flag 'version': 'False'
[2025-06-04 07:14:15Z INFO CommandSettings] Flag 'commit': 'False'
[2025-06-04 07:14:15Z INFO CommandSettings] Flag 'check': 'False'
[2025-06-04 07:14:15Z INFO CommandSettings] Command 'configure': 'True'
[2025-06-04 07:14:15Z INFO Terminal] WRITE LINE: 
[2025-06-04 07:14:15Z INFO Terminal] WRITE LINE: --------------------------------------------------------------------------------
[2025-06-04 07:14:15Z INFO Terminal] WRITE LINE: |        ____ _ _   _   _       _          _        _   _                      |
[2025-06-04 07:14:15Z INFO Terminal] WRITE LINE: |       / ___(_) |_| | | |_   _| |__      / \   ___| |_(_) ___  _ __  ___      |
[2025-06-04 07:14:15Z INFO Terminal] WRITE LINE: |      | |  _| | __| |_| | | | | '_ \    / _ \ / __| __| |/ _ \| '_ \/ __|     |
[2025-06-04 07:14:15Z INFO Terminal] WRITE LINE: |      | |_| | | |_|  _  | |_| | |_) |  / ___ \ (__| |_| | (_) | | | \__ \     |
[2025-06-04 07:14:15Z INFO Terminal] WRITE LINE: |       \____|_|\__|_| |_|\__,_|_.__/  /_/   \_\___|\__|_|\___/|_| |_|___/     |
[2025-06-04 07:14:15Z INFO Terminal] WRITE LINE: |                                                                              |
[2025-06-04 07:14:15Z INFO Terminal] WRITE: |                       
[2025-06-04 07:14:15Z INFO Terminal] WRITE: Self-hosted runner registration
[2025-06-04 07:14:15Z INFO Terminal] WRITE LINE:                         |
[2025-06-04 07:14:15Z INFO Terminal] WRITE LINE: |                                                                              |
[2025-06-04 07:14:15Z INFO Terminal] WRITE LINE: --------------------------------------------------------------------------------
[2025-06-04 07:14:15Z INFO ConfigurationManager] ConfigureAsync
[2025-06-04 07:14:15Z INFO CommandSettings] Flag 'generateServiceConfig': 'False'
[2025-06-04 07:14:15Z INFO ConfigurationStore] IsConfigured()
[2025-06-04 07:14:15Z INFO ConfigurationStore] IsConfigured: True
[2025-06-04 07:14:15Z INFO ConfigurationManager] Is configured: True
[2025-06-04 07:14:15Z ERR  Runner] System.InvalidOperationException: Cannot configure the runner because it is already configured. To reconfigure the runner, run 'config.cmd remove' or './config.sh remove' first.
   at GitHub.Runner.Listener.Configuration.ConfigurationManager.ConfigureAsync(CommandSettings command)
   at GitHub.Runner.Listener.Runner.ExecuteCommand(CommandSettings command)
[2025-06-04 07:14:15Z ERR  Terminal] WRITE ERROR: Cannot configure the runner because it is already configured. To reconfigure the runner, run 'config.cmd remove' or './config.sh remove' first.
[2025-06-04 07:14:15Z INFO Listener] Runner execution has finished with return code 1
