[2025-06-04 07:20:54Z INFO HostContext] No proxy settings were found based on environmental variables (http_proxy/https_proxy/HTTP_PROXY/HTTPS_PROXY)
[2025-06-04 07:20:54Z INFO HostContext] Well known directory 'Bin': 'Z:\cloud-app\actions-runner\bin'
[2025-06-04 07:20:54Z INFO HostContext] Well known directory 'Root': 'Z:\cloud-app\actions-runner'
[2025-06-04 07:20:54Z INFO HostContext] Well known config file 'Credentials': 'Z:\cloud-app\actions-runner\.credentials'
[2025-06-04 07:20:54Z INFO HostContext] Well known directory 'Bin': 'Z:\cloud-app\actions-runner\bin'
[2025-06-04 07:20:54Z INFO HostContext] Well known directory 'Root': 'Z:\cloud-app\actions-runner'
[2025-06-04 07:20:54Z INFO HostContext] Well known config file 'Runner': 'Z:\cloud-app\actions-runner\.runner'
[2025-06-04 07:20:54Z INFO Listener] Runner is built for Windows (X64) - win-x64.
[2025-06-04 07:20:54Z INFO Listener] RuntimeInformation: Microsoft Windows 10.0.19045.
[2025-06-04 07:20:54Z INFO Listener] Version: 2.324.0
[2025-06-04 07:20:54Z INFO Listener] Commit: da3412efd49b1cf1a0fbdcbcee4e4ac4cc2177c8
[2025-06-04 07:20:54Z INFO Listener] Culture: ru-RU
[2025-06-04 07:20:54Z INFO Listener] UI Culture: en-US
[2025-06-04 07:20:54Z INFO HostContext] Well known directory 'Bin': 'Z:\cloud-app\actions-runner\bin'
[2025-06-04 07:20:54Z INFO HostContext] Well known directory 'Root': 'Z:\cloud-app\actions-runner'
[2025-06-04 07:20:54Z INFO Listener] Validating directory permissions for: 'Z:\cloud-app\actions-runner'
[2025-06-04 07:20:54Z INFO CommandLineParser] Parse
[2025-06-04 07:20:54Z INFO CommandLineParser] Parsing 1 args
[2025-06-04 07:20:54Z INFO CommandLineParser] parsing argument
[2025-06-04 07:20:54Z INFO CommandLineParser] HasArgs: False
[2025-06-04 07:20:54Z INFO CommandLineParser] Adding Command: run
[2025-06-04 07:20:54Z INFO Listener] Arguments parsed
[2025-06-04 07:20:54Z INFO Runner] ExecuteCommand
[2025-06-04 07:20:54Z INFO ConfigurationStore] currentAssemblyLocation: Z:\cloud-app\actions-runner\bin\Runner.Listener.dll
[2025-06-04 07:20:54Z INFO HostContext] Well known directory 'Bin': 'Z:\cloud-app\actions-runner\bin'
[2025-06-04 07:20:54Z INFO ConfigurationStore] binPath: Z:\cloud-app\actions-runner\bin
[2025-06-04 07:20:54Z INFO HostContext] Well known directory 'Bin': 'Z:\cloud-app\actions-runner\bin'
[2025-06-04 07:20:54Z INFO HostContext] Well known directory 'Root': 'Z:\cloud-app\actions-runner'
[2025-06-04 07:20:54Z INFO ConfigurationStore] RootFolder: Z:\cloud-app\actions-runner
[2025-06-04 07:20:54Z INFO HostContext] Well known directory 'Bin': 'Z:\cloud-app\actions-runner\bin'
[2025-06-04 07:20:54Z INFO HostContext] Well known directory 'Root': 'Z:\cloud-app\actions-runner'
[2025-06-04 07:20:54Z INFO HostContext] Well known config file 'Runner': 'Z:\cloud-app\actions-runner\.runner'
[2025-06-04 07:20:54Z INFO ConfigurationStore] ConfigFilePath: Z:\cloud-app\actions-runner\.runner
[2025-06-04 07:20:54Z INFO HostContext] Well known directory 'Bin': 'Z:\cloud-app\actions-runner\bin'
[2025-06-04 07:20:54Z INFO HostContext] Well known directory 'Root': 'Z:\cloud-app\actions-runner'
[2025-06-04 07:20:54Z INFO HostContext] Well known config file 'MigratedRunner': 'Z:\cloud-app\actions-runner\.runner_migrated'
[2025-06-04 07:20:54Z INFO ConfigurationStore] MigratedConfigFilePath: Z:\cloud-app\actions-runner\.runner_migrated
[2025-06-04 07:20:54Z INFO HostContext] Well known directory 'Bin': 'Z:\cloud-app\actions-runner\bin'
[2025-06-04 07:20:54Z INFO HostContext] Well known directory 'Root': 'Z:\cloud-app\actions-runner'
[2025-06-04 07:20:54Z INFO HostContext] Well known config file 'Credentials': 'Z:\cloud-app\actions-runner\.credentials'
[2025-06-04 07:20:54Z INFO ConfigurationStore] CredFilePath: Z:\cloud-app\actions-runner\.credentials
[2025-06-04 07:20:54Z INFO HostContext] Well known directory 'Bin': 'Z:\cloud-app\actions-runner\bin'
[2025-06-04 07:20:54Z INFO HostContext] Well known directory 'Root': 'Z:\cloud-app\actions-runner'
[2025-06-04 07:20:54Z INFO HostContext] Well known config file 'MigratedCredentials': 'Z:\cloud-app\actions-runner\.credentials_migrated'
[2025-06-04 07:20:54Z INFO ConfigurationStore] MigratedCredFilePath: Z:\cloud-app\actions-runner\.credentials_migrated
[2025-06-04 07:20:54Z INFO HostContext] Well known directory 'Bin': 'Z:\cloud-app\actions-runner\bin'
[2025-06-04 07:20:54Z INFO HostContext] Well known directory 'Root': 'Z:\cloud-app\actions-runner'
[2025-06-04 07:20:54Z INFO HostContext] Well known config file 'Service': 'Z:\cloud-app\actions-runner\.service'
[2025-06-04 07:20:54Z INFO ConfigurationStore] ServiceConfigFilePath: Z:\cloud-app\actions-runner\.service
[2025-06-04 07:20:54Z INFO CommandSettings] Flag 'help': 'False'
[2025-06-04 07:20:54Z INFO CommandSettings] Flag 'version': 'False'
[2025-06-04 07:20:54Z INFO CommandSettings] Flag 'commit': 'False'
[2025-06-04 07:20:54Z INFO CommandSettings] Flag 'check': 'False'
[2025-06-04 07:20:54Z INFO CommandSettings] Command 'configure': 'False'
[2025-06-04 07:20:54Z INFO CommandSettings] Command 'remove': 'False'
[2025-06-04 07:20:54Z INFO CommandSettings] Command 'warmup': 'False'
[2025-06-04 07:20:54Z INFO ConfigurationManager] LoadSettings
[2025-06-04 07:20:54Z INFO ConfigurationStore] IsConfigured()
[2025-06-04 07:20:54Z INFO ConfigurationStore] IsConfigured: True
[2025-06-04 07:20:54Z INFO ConfigurationManager] Is configured: True
[2025-06-04 07:20:54Z INFO ConfigurationStore] Read setting file: 307 chars
[2025-06-04 07:20:54Z INFO ConfigurationManager] Settings Loaded
[2025-06-04 07:20:54Z INFO ConfigurationStore] IsServiceConfigured()
[2025-06-04 07:20:54Z INFO ConfigurationStore] IsServiceConfigured: False
[2025-06-04 07:20:54Z INFO CommandSettings] Command 'run': 'True'
[2025-06-04 07:20:54Z INFO ConfigurationStore] IsConfigured()
[2025-06-04 07:20:54Z INFO ConfigurationStore] IsConfigured: True
[2025-06-04 07:20:54Z INFO ConfigurationManager] Is configured: True
[2025-06-04 07:20:54Z INFO Runner] Could not parse the argument value '' for StartupType. Defaulting to Manual
[2025-06-04 07:20:54Z INFO Runner] Set runner startup type - Manual
[2025-06-04 07:20:54Z INFO CommandSettings] Flag 'once': 'False'
[2025-06-04 07:20:54Z INFO CommandSettings] Flag 'once': 'False'
[2025-06-04 07:20:54Z INFO Runner] RunAsync
[2025-06-04 07:20:54Z INFO ConfigurationManager] LoadMigratedSettings
[2025-06-04 07:20:54Z INFO ConfigurationStore] IsMigratedConfigured()
[2025-06-04 07:20:54Z INFO ConfigurationStore] IsMigratedConfigured: False
[2025-06-04 07:20:54Z INFO Runner] Failed to load migrated settings: No migrated configuration found.
[2025-06-04 07:20:54Z INFO Runner] Falling back to original .runner settings
[2025-06-04 07:20:54Z INFO ConfigurationManager] LoadSettings
[2025-06-04 07:20:54Z INFO ConfigurationStore] IsConfigured()
[2025-06-04 07:20:54Z INFO ConfigurationStore] IsConfigured: True
[2025-06-04 07:20:54Z INFO ConfigurationManager] Is configured: True
[2025-06-04 07:20:54Z INFO ConfigurationManager] Settings Loaded
[2025-06-04 07:20:54Z INFO MessageListener] {
  "AgentId": 3,
  "AgentName": "DESKTOP-OO39IGI",
  "PoolId": 1,
  "PoolName": "Default",
  "ServerUrl": "https://pipelinesghubeus9.actions.githubusercontent.com/ESlaa3iftPqjK7NPXG6VSk7T6ccaW0JKxrTlyluZJElv8XYnXx/",
  "GitHubUrl": "https://github.com/scripa01/cloud-app",
  "WorkFolder": "_work"
}
[2025-06-04 07:20:54Z INFO MessageListener] Loading Credentials
[2025-06-04 07:20:54Z INFO ConfigurationStore] HasCredentials()
[2025-06-04 07:20:54Z INFO ConfigurationStore] stored True
[2025-06-04 07:20:54Z INFO CredentialManager] GetCredentialProvider
[2025-06-04 07:20:54Z INFO CredentialManager] Creating type OAuth
[2025-06-04 07:20:54Z INFO CredentialManager] Creating credential type: OAuth
[2025-06-04 07:20:54Z INFO HostContext] Well known directory 'Bin': 'Z:\cloud-app\actions-runner\bin'
[2025-06-04 07:20:54Z INFO HostContext] Well known directory 'Root': 'Z:\cloud-app\actions-runner'
[2025-06-04 07:20:54Z INFO HostContext] Well known config file 'RSACredentials': 'Z:\cloud-app\actions-runner\.credentials_rsaparams'
[2025-06-04 07:20:54Z INFO RSAEncryptedFileKeyManager] Loading RSA key parameters from file Z:\cloud-app\actions-runner\.credentials_rsaparams
[2025-06-04 07:20:54Z INFO MessageListener] Attempt to create session.
[2025-06-04 07:20:54Z INFO MessageListener] Connecting to the Runner Server...
[2025-06-04 07:20:54Z INFO RunnerServer] EstablishVssConnection
[2025-06-04 07:20:54Z INFO RunnerServer] Establish connection with 100 seconds timeout.
[2025-06-04 07:20:54Z INFO GitHubActionsService] Starting operation Location.GetConnectionData
[2025-06-04 07:20:54Z INFO RunnerServer] EstablishVssConnection
[2025-06-04 07:20:54Z INFO RunnerServer] Establish connection with 60 seconds timeout.
[2025-06-04 07:20:54Z INFO GitHubActionsService] Starting operation Location.GetConnectionData
[2025-06-04 07:20:54Z INFO RunnerServer] EstablishVssConnection
[2025-06-04 07:20:54Z INFO RunnerServer] Establish connection with 60 seconds timeout.
[2025-06-04 07:20:54Z INFO GitHubActionsService] Starting operation Location.GetConnectionData
[2025-06-04 07:20:55Z INFO GitHubActionsService] Finished operation Location.GetConnectionData
[2025-06-04 07:20:55Z INFO GitHubActionsService] Finished operation Location.GetConnectionData
[2025-06-04 07:20:55Z INFO GitHubActionsService] Finished operation Location.GetConnectionData
[2025-06-04 07:20:55Z INFO MessageListener] VssConnection created
[2025-06-04 07:20:55Z INFO Terminal] WRITE LINE: 
[2025-06-04 07:20:55Z INFO Terminal] WRITE LINE: 
[2025-06-04 07:20:55Z INFO RSAEncryptedFileKeyManager] Loading RSA key parameters from file Z:\cloud-app\actions-runner\.credentials_rsaparams
[2025-06-04 07:20:55Z INFO RSAEncryptedFileKeyManager] Loading RSA key parameters from file Z:\cloud-app\actions-runner\.credentials_rsaparams
[2025-06-04 07:20:56Z INFO GitHubActionsService] AAD Correlation ID for this token request: Unknown
[2025-06-04 07:20:56Z INFO MessageListener] Session created.
[2025-06-04 07:20:56Z INFO MessageListener] Registering AuthMigrationChanged event handler.
[2025-06-04 07:20:56Z INFO Terminal] WRITE LINE: Current runner version: '2.324.0'
[2025-06-04 07:20:56Z INFO Terminal] WRITE LINE: 2025-06-04 07:20:56Z: Listening for Jobs
[2025-06-04 07:20:56Z INFO JobDispatcher] Set runner/worker IPC timeout to 30 seconds.
[2025-06-04 07:20:56Z INFO ConfigurationStore] HasCredentials()
[2025-06-04 07:20:56Z INFO ConfigurationStore] stored True
[2025-06-04 07:20:56Z INFO CredentialManager] GetCredentialProvider
[2025-06-04 07:20:56Z INFO CredentialManager] Creating type OAuth
[2025-06-04 07:20:56Z INFO CredentialManager] Creating credential type: OAuth
[2025-06-04 07:20:56Z INFO RSAEncryptedFileKeyManager] Loading RSA key parameters from file Z:\cloud-app\actions-runner\.credentials_rsaparams
[2025-06-04 07:20:56Z INFO RSAEncryptedFileKeyManager] Loading RSA key parameters from file Z:\cloud-app\actions-runner\.credentials_rsaparams
[2025-06-04 07:20:56Z INFO RSAEncryptedFileKeyManager] Loading RSA key parameters from file Z:\cloud-app\actions-runner\.credentials_rsaparams
[2025-06-04 07:20:57Z INFO GitHubActionsService] AAD Correlation ID for this token request: Unknown
[2025-06-04 07:20:58Z INFO MessageListener] Message '5445860934744551964' received from session '5fb18110-11c4-4b02-822e-6360508f7289'.
[2025-06-04 07:20:58Z INFO ConfigurationStore] HasCredentials()
[2025-06-04 07:20:58Z INFO ConfigurationStore] stored True
[2025-06-04 07:20:58Z INFO CredentialManager] GetCredentialProvider
[2025-06-04 07:20:58Z INFO CredentialManager] Creating type OAuth
[2025-06-04 07:20:58Z INFO CredentialManager] Creating credential type: OAuth
[2025-06-04 07:20:58Z INFO RSAEncryptedFileKeyManager] Loading RSA key parameters from file Z:\cloud-app\actions-runner\.credentials_rsaparams
[2025-06-04 07:20:58Z INFO RSAEncryptedFileKeyManager] Loading RSA key parameters from file Z:\cloud-app\actions-runner\.credentials_rsaparams
[2025-06-04 07:20:58Z INFO RSAEncryptedFileKeyManager] Loading RSA key parameters from file Z:\cloud-app\actions-runner\.credentials_rsaparams
[2025-06-04 07:20:59Z INFO GitHubActionsService] AAD Correlation ID for this token request: Unknown
[2025-06-04 07:21:00Z INFO JobDispatcher] Job request 0 for plan 96745744-2e58-4a38-a4df-e9fd66620b99 job f64ab6aa-ef46-57c2-9099-dea868f4a703 received.
[2025-06-04 07:21:00Z INFO MessageListener] Received job status event. JobState: Busy
[2025-06-04 07:21:00Z INFO MessageListener] _getMessagesTokenSource is already disposed.
[2025-06-04 07:21:00Z INFO Terminal] WRITE LINE: 2025-06-04 07:21:00Z: Running job: build-and-push
[2025-06-04 07:21:00Z INFO JobDispatcher] Start renew job request 0 for job f64ab6aa-ef46-57c2-9099-dea868f4a703.
[2025-06-04 07:21:00Z INFO JobDispatcher] Successfully renew job f64ab6aa-ef46-57c2-9099-dea868f4a703, job is valid till 04.06.2025 7:31:00
[2025-06-04 07:21:00Z INFO HostContext] Well known directory 'Bin': 'Z:\cloud-app\actions-runner\bin'
[2025-06-04 07:21:00Z INFO ProcessInvokerWrapper] Starting process:
[2025-06-04 07:21:00Z INFO ProcessInvokerWrapper]   File name: 'Z:\cloud-app\actions-runner\bin\Runner.Worker.exe'
[2025-06-04 07:21:00Z INFO ProcessInvokerWrapper]   Arguments: 'spawnclient 2272 2284'
[2025-06-04 07:21:00Z INFO ProcessInvokerWrapper]   Working directory: 'Z:\cloud-app\actions-runner\bin'
[2025-06-04 07:21:00Z INFO ProcessInvokerWrapper]   Require exit code zero: 'False'
[2025-06-04 07:21:00Z INFO ProcessInvokerWrapper]   Encoding web name:  ; code page: ''
[2025-06-04 07:21:00Z INFO ProcessInvokerWrapper]   Force kill process on cancellation: 'True'
[2025-06-04 07:21:00Z INFO ProcessInvokerWrapper]   Redirected STDIN: 'False'
[2025-06-04 07:21:00Z INFO ProcessInvokerWrapper]   Persist current code page: 'False'
[2025-06-04 07:21:00Z INFO ProcessInvokerWrapper]   Keep redirected STDIN open: 'False'
[2025-06-04 07:21:00Z INFO ProcessInvokerWrapper]   High priority process: 'True'
[2025-06-04 07:21:00Z INFO ProcessInvokerWrapper] Process started with process id 13684, waiting for process exit.
[2025-06-04 07:21:00Z INFO JobDispatcher] Send job request message to worker for job f64ab6aa-ef46-57c2-9099-dea868f4a703.
[2025-06-04 07:21:01Z INFO ProcessChannel] Sending message of length 17707, with hash '185c629ff70f8b4ad9728a1f32fd9e785d3efe3335b0dc802129f1934fe24025'
[2025-06-04 07:21:01Z INFO JobNotification] Entering JobStarted Notification
[2025-06-04 07:21:01Z INFO JobNotification] Entering StartMonitor
[2025-06-04 07:21:01Z INFO ConfigurationStore] HasCredentials()
[2025-06-04 07:21:01Z INFO ConfigurationStore] stored True
[2025-06-04 07:21:01Z INFO CredentialManager] GetCredentialProvider
[2025-06-04 07:21:01Z INFO CredentialManager] Creating type OAuth
[2025-06-04 07:21:01Z INFO CredentialManager] Creating credential type: OAuth
[2025-06-04 07:21:01Z INFO RSAEncryptedFileKeyManager] Loading RSA key parameters from file Z:\cloud-app\actions-runner\.credentials_rsaparams
[2025-06-04 07:21:12Z INFO ProcessInvokerWrapper] STDOUT/STDERR stream read finished.
[2025-06-04 07:21:12Z INFO ProcessInvokerWrapper] STDOUT/STDERR stream read finished.
[2025-06-04 07:21:12Z INFO ProcessInvokerWrapper] Finished process 13684 with exit code 102, and elapsed time 00:00:11.4897376.
[2025-06-04 07:21:12Z INFO JobDispatcher] Worker finished for job f64ab6aa-ef46-57c2-9099-dea868f4a703. Code: 102
[2025-06-04 07:21:12Z INFO JobDispatcher] finish job request for job f64ab6aa-ef46-57c2-9099-dea868f4a703 with result: Failed
[2025-06-04 07:21:12Z INFO Terminal] WRITE LINE: 2025-06-04 07:21:12Z: Job build-and-push completed with result: Failed
[2025-06-04 07:21:12Z INFO JobDispatcher] Stop renew job request for job f64ab6aa-ef46-57c2-9099-dea868f4a703.
[2025-06-04 07:21:12Z INFO JobDispatcher] job renew has been cancelled, stop renew job f64ab6aa-ef46-57c2-9099-dea868f4a703.
[2025-06-04 07:21:12Z INFO JobNotification] Entering JobCompleted Notification
[2025-06-04 07:21:12Z INFO JobNotification] Entering EndMonitor
[2025-06-04 07:21:12Z INFO MessageListener] Received job status event. JobState: Online
