[2025-06-04 07:16:56Z INFO HostContext] No proxy settings were found based on environmental variables (http_proxy/https_proxy/HTTP_PROXY/HTTPS_PROXY)
[2025-06-04 07:16:56Z INFO HostContext] Well known directory 'Bin': 'Z:\cloud-app\actions-runner\bin'
[2025-06-04 07:16:56Z INFO HostContext] Well known directory 'Root': 'Z:\cloud-app\actions-runner'
[2025-06-04 07:16:56Z INFO HostContext] Well known config file 'Credentials': 'Z:\cloud-app\actions-runner\.credentials'
[2025-06-04 07:16:56Z INFO HostContext] Well known directory 'Bin': 'Z:\cloud-app\actions-runner\bin'
[2025-06-04 07:16:56Z INFO HostContext] Well known directory 'Root': 'Z:\cloud-app\actions-runner'
[2025-06-04 07:16:56Z INFO HostContext] Well known config file 'Runner': 'Z:\cloud-app\actions-runner\.runner'
[2025-06-04 07:16:56Z INFO Listener] Runner is built for Windows (X64) - win-x64.
[2025-06-04 07:16:56Z INFO Listener] RuntimeInformation: Microsoft Windows 10.0.19045.
[2025-06-04 07:16:56Z INFO Listener] Version: 2.324.0
[2025-06-04 07:16:56Z INFO Listener] Commit: da3412efd49b1cf1a0fbdcbcee4e4ac4cc2177c8
[2025-06-04 07:16:56Z INFO Listener] Culture: ru-RU
[2025-06-04 07:16:57Z INFO Listener] UI Culture: en-US
[2025-06-04 07:16:57Z INFO HostContext] Well known directory 'Bin': 'Z:\cloud-app\actions-runner\bin'
[2025-06-04 07:16:57Z INFO HostContext] Well known directory 'Root': 'Z:\cloud-app\actions-runner'
[2025-06-04 07:16:57Z INFO Listener] Validating directory permissions for: 'Z:\cloud-app\actions-runner'
[2025-06-04 07:16:57Z INFO CommandLineParser] Parse
[2025-06-04 07:16:57Z INFO CommandLineParser] Parsing 5 args
[2025-06-04 07:16:57Z INFO CommandLineParser] parsing argument
[2025-06-04 07:16:57Z INFO CommandLineParser] HasArgs: False
[2025-06-04 07:16:57Z INFO CommandLineParser] Adding Command: configure
[2025-06-04 07:16:57Z INFO CommandLineParser] parsing argument
[2025-06-04 07:16:57Z INFO CommandLineParser] HasArgs: True
[2025-06-04 07:16:57Z INFO CommandLineParser] arg: url
[2025-06-04 07:16:57Z INFO CommandLineParser] parsing argument
[2025-06-04 07:16:57Z INFO CommandLineParser] HasArgs: True
[2025-06-04 07:16:57Z INFO CommandLineParser] Adding option 'url': 'https://github.com/scripa01/cloud-app'
[2025-06-04 07:16:57Z INFO CommandLineParser] parsing argument
[2025-06-04 07:16:57Z INFO CommandLineParser] HasArgs: True
[2025-06-04 07:16:57Z INFO CommandLineParser] arg: token
[2025-06-04 07:16:57Z INFO CommandLineParser] parsing argument
[2025-06-04 07:16:57Z INFO CommandLineParser] HasArgs: True
[2025-06-04 07:16:57Z INFO CommandLineParser] Adding option 'token': '***'
[2025-06-04 07:16:57Z INFO Listener] Arguments parsed
[2025-06-04 07:16:57Z INFO Runner] ExecuteCommand
[2025-06-04 07:16:57Z INFO ConfigurationStore] currentAssemblyLocation: Z:\cloud-app\actions-runner\bin\Runner.Listener.dll
[2025-06-04 07:16:57Z INFO HostContext] Well known directory 'Bin': 'Z:\cloud-app\actions-runner\bin'
[2025-06-04 07:16:57Z INFO ConfigurationStore] binPath: Z:\cloud-app\actions-runner\bin
[2025-06-04 07:16:57Z INFO HostContext] Well known directory 'Bin': 'Z:\cloud-app\actions-runner\bin'
[2025-06-04 07:16:57Z INFO HostContext] Well known directory 'Root': 'Z:\cloud-app\actions-runner'
[2025-06-04 07:16:57Z INFO ConfigurationStore] RootFolder: Z:\cloud-app\actions-runner
[2025-06-04 07:16:57Z INFO HostContext] Well known directory 'Bin': 'Z:\cloud-app\actions-runner\bin'
[2025-06-04 07:16:57Z INFO HostContext] Well known directory 'Root': 'Z:\cloud-app\actions-runner'
[2025-06-04 07:16:57Z INFO HostContext] Well known config file 'Runner': 'Z:\cloud-app\actions-runner\.runner'
[2025-06-04 07:16:57Z INFO ConfigurationStore] ConfigFilePath: Z:\cloud-app\actions-runner\.runner
[2025-06-04 07:16:57Z INFO HostContext] Well known directory 'Bin': 'Z:\cloud-app\actions-runner\bin'
[2025-06-04 07:16:57Z INFO HostContext] Well known directory 'Root': 'Z:\cloud-app\actions-runner'
[2025-06-04 07:16:57Z INFO HostContext] Well known config file 'MigratedRunner': 'Z:\cloud-app\actions-runner\.runner_migrated'
[2025-06-04 07:16:57Z INFO ConfigurationStore] MigratedConfigFilePath: Z:\cloud-app\actions-runner\.runner_migrated
[2025-06-04 07:16:57Z INFO HostContext] Well known directory 'Bin': 'Z:\cloud-app\actions-runner\bin'
[2025-06-04 07:16:57Z INFO HostContext] Well known directory 'Root': 'Z:\cloud-app\actions-runner'
[2025-06-04 07:16:57Z INFO HostContext] Well known config file 'Credentials': 'Z:\cloud-app\actions-runner\.credentials'
[2025-06-04 07:16:57Z INFO ConfigurationStore] CredFilePath: Z:\cloud-app\actions-runner\.credentials
[2025-06-04 07:16:57Z INFO HostContext] Well known directory 'Bin': 'Z:\cloud-app\actions-runner\bin'
[2025-06-04 07:16:57Z INFO HostContext] Well known directory 'Root': 'Z:\cloud-app\actions-runner'
[2025-06-04 07:16:57Z INFO HostContext] Well known config file 'MigratedCredentials': 'Z:\cloud-app\actions-runner\.credentials_migrated'
[2025-06-04 07:16:57Z INFO ConfigurationStore] MigratedCredFilePath: Z:\cloud-app\actions-runner\.credentials_migrated
[2025-06-04 07:16:57Z INFO HostContext] Well known directory 'Bin': 'Z:\cloud-app\actions-runner\bin'
[2025-06-04 07:16:57Z INFO HostContext] Well known directory 'Root': 'Z:\cloud-app\actions-runner'
[2025-06-04 07:16:57Z INFO HostContext] Well known config file 'Service': 'Z:\cloud-app\actions-runner\.service'
[2025-06-04 07:16:57Z INFO ConfigurationStore] ServiceConfigFilePath: Z:\cloud-app\actions-runner\.service
[2025-06-04 07:16:57Z INFO CommandSettings] Flag 'help': 'False'
[2025-06-04 07:16:57Z INFO CommandSettings] Flag 'version': 'False'
[2025-06-04 07:16:57Z INFO CommandSettings] Flag 'commit': 'False'
[2025-06-04 07:16:57Z INFO CommandSettings] Flag 'check': 'False'
[2025-06-04 07:16:57Z INFO CommandSettings] Command 'configure': 'True'
[2025-06-04 07:16:57Z INFO Terminal] WRITE LINE: 
[2025-06-04 07:16:57Z INFO Terminal] WRITE LINE: --------------------------------------------------------------------------------
[2025-06-04 07:16:57Z INFO Terminal] WRITE LINE: |        ____ _ _   _   _       _          _        _   _                      |
[2025-06-04 07:16:57Z INFO Terminal] WRITE LINE: |       / ___(_) |_| | | |_   _| |__      / \   ___| |_(_) ___  _ __  ___      |
[2025-06-04 07:16:57Z INFO Terminal] WRITE LINE: |      | |  _| | __| |_| | | | | '_ \    / _ \ / __| __| |/ _ \| '_ \/ __|     |
[2025-06-04 07:16:57Z INFO Terminal] WRITE LINE: |      | |_| | | |_|  _  | |_| | |_) |  / ___ \ (__| |_| | (_) | | | \__ \     |
[2025-06-04 07:16:57Z INFO Terminal] WRITE LINE: |       \____|_|\__|_| |_|\__,_|_.__/  /_/   \_\___|\__|_|\___/|_| |_|___/     |
[2025-06-04 07:16:57Z INFO Terminal] WRITE LINE: |                                                                              |
[2025-06-04 07:16:57Z INFO Terminal] WRITE: |                       
[2025-06-04 07:16:57Z INFO Terminal] WRITE: Self-hosted runner registration
[2025-06-04 07:16:57Z INFO Terminal] WRITE LINE:                         |
[2025-06-04 07:16:57Z INFO Terminal] WRITE LINE: |                                                                              |
[2025-06-04 07:16:57Z INFO Terminal] WRITE LINE: --------------------------------------------------------------------------------
[2025-06-04 07:16:57Z INFO ConfigurationManager] ConfigureAsync
[2025-06-04 07:16:57Z INFO CommandSettings] Flag 'generateServiceConfig': 'False'
[2025-06-04 07:16:57Z INFO ConfigurationStore] IsConfigured()
[2025-06-04 07:16:57Z INFO ConfigurationStore] IsConfigured: False
[2025-06-04 07:16:57Z INFO ConfigurationManager] Is configured: False
[2025-06-04 07:16:57Z INFO CommandSettings] Arg 'url': 'https://github.com/scripa01/cloud-app'
[2025-06-04 07:16:57Z INFO CommandSettings] Remove url from Arg dictionary.
[2025-06-04 07:16:57Z INFO CommandSettings] Arg 'token': '***'
[2025-06-04 07:16:57Z INFO CommandSettings] Remove token from Arg dictionary.
[2025-06-04 07:16:57Z INFO ConfigurationManager] Http response code: OK from 'POST https://api.github.com/actions/runner-registration' (DFEA:1AC5CD:2880428:29E0FA8:683FF2E9)
[2025-06-04 07:16:57Z INFO ConfigurationManager] Using V2 flow: False
[2025-06-04 07:16:57Z INFO ConfigurationManager] cred retrieved via GitHub auth
[2025-06-04 07:16:57Z INFO RunnerServer] EstablishVssConnection
[2025-06-04 07:16:57Z INFO RunnerServer] Establish connection with 100 seconds timeout.
[2025-06-04 07:16:57Z INFO GitHubActionsService] Starting operation Location.GetConnectionData
[2025-06-04 07:16:57Z INFO RunnerServer] EstablishVssConnection
[2025-06-04 07:16:57Z INFO RunnerServer] Establish connection with 60 seconds timeout.
[2025-06-04 07:16:57Z INFO GitHubActionsService] Starting operation Location.GetConnectionData
[2025-06-04 07:16:57Z INFO RunnerServer] EstablishVssConnection
[2025-06-04 07:16:57Z INFO RunnerServer] Establish connection with 60 seconds timeout.
[2025-06-04 07:16:57Z INFO GitHubActionsService] Starting operation Location.GetConnectionData
[2025-06-04 07:16:58Z INFO GitHubActionsService] Finished operation Location.GetConnectionData
[2025-06-04 07:16:58Z INFO GitHubActionsService] Finished operation Location.GetConnectionData
[2025-06-04 07:16:58Z INFO GitHubActionsService] Finished operation Location.GetConnectionData
[2025-06-04 07:16:58Z INFO Terminal] WRITE LINE: 
[2025-06-04 07:16:58Z INFO ConfigurationManager] Test Connection complete.
[2025-06-04 07:16:58Z INFO HostContext] Well known directory 'Bin': 'Z:\cloud-app\actions-runner\bin'
[2025-06-04 07:16:58Z INFO HostContext] Well known directory 'Root': 'Z:\cloud-app\actions-runner'
[2025-06-04 07:16:58Z INFO HostContext] Well known config file 'RSACredentials': 'Z:\cloud-app\actions-runner\.credentials_rsaparams'
[2025-06-04 07:16:58Z INFO RSAEncryptedFileKeyManager] Creating new RSA key using 2048-bit key length
[2025-06-04 07:16:58Z INFO RSAEncryptedFileKeyManager] Successfully saved RSA key parameters to file Z:\cloud-app\actions-runner\.credentials_rsaparams
[2025-06-04 07:16:58Z INFO CommandSettings] Arg 'runnergroup': ''
[2025-06-04 07:16:58Z INFO CommandSettings] Flag 'unattended': 'False'
[2025-06-04 07:16:58Z INFO PromptManager] ReadValue
[2025-06-04 07:16:58Z INFO Terminal] WRITE: Enter the name of the runner group to add this runner to: 
[2025-06-04 07:16:58Z INFO Terminal] WRITE: [press Enter for Default] 
[2025-06-04 07:16:58Z INFO Terminal] READ LINE
[2025-06-04 07:16:59Z INFO Terminal] Read value: ''
[2025-06-04 07:16:59Z INFO PromptManager] Falling back to the default: 'Default'
[2025-06-04 07:16:59Z INFO Terminal] WRITE LINE: 
[2025-06-04 07:16:59Z INFO ConfigurationManager] Found a self-hosted runner group with id 1 and name Default
[2025-06-04 07:16:59Z INFO CommandSettings] Flag 'disableupdate': 'False'
[2025-06-04 07:16:59Z INFO CommandSettings] Flag 'ephemeral': 'False'
[2025-06-04 07:16:59Z INFO CommandSettings] Arg 'name': ''
[2025-06-04 07:16:59Z INFO CommandSettings] Flag 'unattended': 'False'
[2025-06-04 07:16:59Z INFO PromptManager] ReadValue
[2025-06-04 07:16:59Z INFO Terminal] WRITE: Enter the name of runner: 
[2025-06-04 07:16:59Z INFO Terminal] WRITE: [press Enter for DESKTOP-OO39IGI] 
[2025-06-04 07:16:59Z INFO Terminal] READ LINE
[2025-06-04 07:17:01Z INFO Terminal] Read value: ''
[2025-06-04 07:17:01Z INFO PromptManager] Falling back to the default: 'DESKTOP-OO39IGI'
[2025-06-04 07:17:01Z INFO Terminal] WRITE LINE: 
[2025-06-04 07:17:01Z INFO CommandSettings] Arg 'labels': ''
[2025-06-04 07:17:01Z INFO CommandSettings] Flag 'unattended': 'False'
[2025-06-04 07:17:01Z INFO PromptManager] ReadValue
[2025-06-04 07:17:01Z INFO Terminal] WRITE: This runner will have the following labels: 'self-hosted', 'Windows', 'X64' 
Enter any additional labels (ex. label-1,label-2): 
[2025-06-04 07:17:01Z INFO Terminal] WRITE: [press Enter to skip] 
[2025-06-04 07:17:01Z INFO Terminal] READ LINE
[2025-06-04 07:17:20Z INFO Terminal] Read value: ''
[2025-06-04 07:17:20Z INFO Terminal] WRITE LINE: 
[2025-06-04 07:17:20Z INFO CommandSettings] Flag 'disableupdate': 'False'
[2025-06-04 07:17:20Z INFO CommandSettings] Flag 'no-default-labels': 'False'
[2025-06-04 07:17:21Z INFO CommandSettings] Flag 'disableupdate': 'False'
[2025-06-04 07:17:21Z INFO CommandSettings] Flag 'ephemeral': 'False'
[2025-06-04 07:17:21Z INFO ConfigurationStore] Saving OAuth credential @ Z:\cloud-app\actions-runner\.credentials
[2025-06-04 07:17:21Z INFO ConfigurationStore] Credentials Saved.
[2025-06-04 07:17:21Z INFO ConfigurationStore] HasCredentials()
[2025-06-04 07:17:21Z INFO ConfigurationStore] stored True
[2025-06-04 07:17:21Z INFO CredentialManager] GetCredentialProvider
[2025-06-04 07:17:21Z INFO CredentialManager] Creating type OAuth
[2025-06-04 07:17:21Z INFO CredentialManager] Creating credential type: OAuth
[2025-06-04 07:17:21Z INFO RSAEncryptedFileKeyManager] Loading RSA key parameters from file Z:\cloud-app\actions-runner\.credentials_rsaparams
[2025-06-04 07:17:21Z INFO RunnerServer] EstablishVssConnection
[2025-06-04 07:17:21Z INFO RunnerServer] Establish connection with 100 seconds timeout.
[2025-06-04 07:17:21Z INFO GitHubActionsService] Starting operation Location.GetConnectionData
[2025-06-04 07:17:21Z INFO RunnerServer] EstablishVssConnection
[2025-06-04 07:17:21Z INFO RunnerServer] Establish connection with 60 seconds timeout.
[2025-06-04 07:17:21Z INFO GitHubActionsService] Starting operation Location.GetConnectionData
[2025-06-04 07:17:21Z INFO RunnerServer] EstablishVssConnection
[2025-06-04 07:17:21Z INFO RunnerServer] Establish connection with 60 seconds timeout.
[2025-06-04 07:17:21Z INFO GitHubActionsService] Starting operation Location.GetConnectionData
[2025-06-04 07:17:21Z INFO GitHubActionsService] Finished operation Location.GetConnectionData
[2025-06-04 07:17:21Z INFO GitHubActionsService] Finished operation Location.GetConnectionData
[2025-06-04 07:17:21Z INFO GitHubActionsService] Finished operation Location.GetConnectionData
[2025-06-04 07:17:21Z INFO RSAEncryptedFileKeyManager] Loading RSA key parameters from file Z:\cloud-app\actions-runner\.credentials_rsaparams
[2025-06-04 07:17:21Z INFO RSAEncryptedFileKeyManager] Loading RSA key parameters from file Z:\cloud-app\actions-runner\.credentials_rsaparams
[2025-06-04 07:17:22Z INFO GitHubActionsService] AAD Correlation ID for this token request: Unknown
[2025-06-04 07:17:22Z INFO CommandSettings] Arg 'work': ''
[2025-06-04 07:17:22Z INFO CommandSettings] Flag 'unattended': 'False'
[2025-06-04 07:17:22Z INFO PromptManager] ReadValue
[2025-06-04 07:17:22Z INFO Terminal] WRITE: Enter name of work folder: 
[2025-06-04 07:17:22Z INFO Terminal] WRITE: [press Enter for _work] 
[2025-06-04 07:17:22Z INFO Terminal] READ LINE
[2025-06-04 07:17:24Z INFO Terminal] Read value: ''
[2025-06-04 07:17:24Z INFO PromptManager] Falling back to the default: '_work'
[2025-06-04 07:17:24Z INFO ConfigurationStore] Saving runner settings.
[2025-06-04 07:17:24Z INFO ConfigurationStore] Settings Saved.
[2025-06-04 07:17:24Z INFO Terminal] WRITE LINE: 
[2025-06-04 07:17:24Z INFO Terminal] WRITE LINE: 
[2025-06-04 07:17:24Z INFO CommandSettings] Flag 'runasservice': 'False'
[2025-06-04 07:17:24Z INFO CommandSettings] Flag 'unattended': 'False'
[2025-06-04 07:17:24Z INFO PromptManager] ReadValue
[2025-06-04 07:17:24Z INFO Terminal] WRITE: Would you like to run the runner as service? (Y/N) 
[2025-06-04 07:17:24Z INFO Terminal] WRITE: [press Enter for N] 
[2025-06-04 07:17:24Z INFO Terminal] READ LINE
[2025-06-04 07:17:29Z INFO Terminal] Read value: ''
[2025-06-04 07:17:29Z INFO PromptManager] Falling back to the default: 'N'
[2025-06-04 07:17:29Z INFO Listener] Runner execution has finished with return code 0
